# JRE version: Java(TM) SE Runtime Environment (8.0_144-b01) (build 1.8.0_144-b01)
# Java VM: Java HotSpot(TM) 64-Bit Server VM (25.144-b01 mixed mode windows-amd64 compressed oops)
Heap:
 PSYoungGen      total 411648K, used 86203K [0x00000000d5d80000, 0x00000000f5780000, 0x0000000100000000)
  eden space 390144K, 22% used [0x00000000d5d80000,0x00000000db1aeea0,0x00000000eda80000)
  from space 21504K, 0% used [0x00000000eda80000,0x00000000eda80000,0x00000000eef80000)
  to   space 21504K, 0% used [0x00000000f4280000,0x00000000f4280000,0x00000000f5780000)
 ParOldGen       total 144896K, used 42644K [0x0000000081800000, 0x000000008a580000, 0x00000000d5d80000)
  object space 144896K, 29% used [0x0000000081800000,0x00000000841a52e8,0x000000008a580000)
 Metaspace       used 61829K, capacity 62797K, committed 63128K, reserved 1103872K
  class space    used 7963K, capacity 8254K, committed 8360K, reserved 1048576K
GC Heap History (10 events):
Event: 12.731 GC heap before
{Heap before GC invocations=12 (full 2):
 PSYoungGen      total 279552K, used 262656K [0x00000000d5d80000, 0x00000000ea380000, 0x0000000100000000)
  eden space 262656K, 100% used [0x00000000d5d80000,0x00000000e5e00000,0x00000000e5e00000)
  from space 16896K, 0% used [0x00000000e5e00000,0x00000000e5e00000,0x00000000e6e80000)
  to   space 16384K, 0% used [0x00000000e9380000,0x00000000e9380000,0x00000000ea380000)
 ParOldGen       total 107008K, used 28958K [0x0000000081800000, 0x0000000088080000, 0x00000000d5d80000)
  object space 107008K, 27% used [0x0000000081800000,0x0000000083447928,0x0000000088080000)
 Metaspace       used 40157K, capacity 40810K, committed 41128K, reserved 1085440K
  class space    used 4971K, capacity 5166K, committed 5288K, reserved 1048576K
Event: 12.753 GC heap after
Heap after GC invocations=12 (full 2):
 PSYoungGen      total 317952K, used 10255K [0x00000000d5d80000, 0x00000000ec380000, 0x0000000100000000)
  eden space 301568K, 0% used [0x00000000d5d80000,0x00000000d5d80000,0x00000000e8400000)
  from space 16384K, 62% used [0x00000000e9380000,0x00000000e9d83d18,0x00000000ea380000)
  to   space 15872K, 0% used [0x00000000e8400000,0x00000000e8400000,0x00000000e9380000)
 ParOldGen       total 107008K, used 28966K [0x0000000081800000, 0x0000000088080000, 0x00000000d5d80000)
  object space 107008K, 27% used [0x0000000081800000,0x0000000083449928,0x0000000088080000)
 Metaspace       used 40157K, capacity 40810K, committed 41128K, reserved 1085440K
  class space    used 4971K, capacity 5166K, committed 5288K, reserved 1048576K
}
Event: 16.173 GC heap before
{Heap before GC invocations=13 (full 2):
 PSYoungGen      total 317952K, used 311823K [0x00000000d5d80000, 0x00000000ec380000, 0x0000000100000000)
  eden space 301568K, 100% used [0x00000000d5d80000,0x00000000e8400000,0x00000000e8400000)
  from space 16384K, 62% used [0x00000000e9380000,0x00000000e9d83d18,0x00000000ea380000)
  to   space 15872K, 0% used [0x00000000e8400000,0x00000000e8400000,0x00000000e9380000)
 ParOldGen       total 107008K, used 28966K [0x0000000081800000, 0x0000000088080000, 0x00000000d5d80000)
  object space 107008K, 27% used [0x0000000081800000,0x0000000083449928,0x0000000088080000)
 Metaspace       used 52401K, capacity 53198K, committed 53672K, reserved 1095680K
  class space    used 6700K, capacity 6971K, committed 7080K, reserved 1048576K
Event: 16.372 GC heap after
Heap after GC invocations=13 (full 2):
 PSYoungGen      total 317440K, used 15849K [0x00000000d5d80000, 0x00000000f0980000, 0x0000000100000000)
  eden space 301568K, 0% used [0x00000000d5d80000,0x00000000d5d80000,0x00000000e8400000)
  from space 15872K, 99% used [0x00000000e8400000,0x00000000e937a6c8,0x00000000e9380000)
  to   space 20992K, 0% used [0x00000000ef500000,0x00000000ef500000,0x00000000f0980000)
 ParOldGen       total 107008K, used 38529K [0x0000000081800000, 0x0000000088080000, 0x00000000d5d80000)
  object space 107008K, 36% used [0x0000000081800000,0x0000000083da0720,0x0000000088080000)
 Metaspace       used 52401K, capacity 53198K, committed 53672K, reserved 1095680K
  class space    used 6700K, capacity 6971K, committed 7080K, reserved 1048576K
}
Event: 25.135 GC heap before
{Heap before GC invocations=14 (full 2):
 PSYoungGen      total 317440K, used 317417K [0x00000000d5d80000, 0x00000000f0980000, 0x0000000100000000)
  eden space 301568K, 100% used [0x00000000d5d80000,0x00000000e8400000,0x00000000e8400000)
  from space 15872K, 99% used [0x00000000e8400000,0x00000000e937a6c8,0x00000000e9380000)
  to   space 20992K, 0% used [0x00000000ef500000,0x00000000ef500000,0x00000000f0980000)
 ParOldGen       total 107008K, used 38529K [0x0000000081800000, 0x0000000088080000, 0x00000000d5d80000)
  object space 107008K, 36% used [0x0000000081800000,0x0000000083da0720,0x0000000088080000)
 Metaspace       used 57309K, capacity 58328K, committed 58536K, reserved 1099776K
  class space    used 7303K, capacity 7580K, committed 7592K, reserved 1048576K
Event: 25.161 GC heap after
Heap after GC invocations=14 (full 2):
 PSYoungGen      total 400896K, used 15624K [0x00000000d5d80000, 0x00000000f0480000, 0x0000000100000000)
  eden space 385024K, 0% used [0x00000000d5d80000,0x00000000d5d80000,0x00000000ed580000)
  from space 15872K, 98% used [0x00000000ef500000,0x00000000f04421d0,0x00000000f0480000)
  to   space 21504K, 0% used [0x00000000eda80000,0x00000000eda80000,0x00000000eef80000)
 ParOldGen       total 107008K, used 42138K [0x0000000081800000, 0x0000000088080000, 0x00000000d5d80000)
  object space 107008K, 39% used [0x0000000081800000,0x0000000084126960,0x0000000088080000)
 Metaspace       used 57309K, capacity 58328K, committed 58536K, reserved 1099776K
  class space    used 7303K, capacity 7580K, committed 7592K, reserved 1048576K
}
Event: 225.021 GC heap before
{Heap before GC invocations=15 (full 2):
 PSYoungGen      total 400896K, used 71839K [0x00000000d5d80000, 0x00000000f0480000, 0x0000000100000000)
  eden space 385024K, 14% used [0x00000000d5d80000,0x00000000d9465de8,0x00000000ed580000)
  from space 15872K, 98% used [0x00000000ef500000,0x00000000f04421d0,0x00000000f0480000)
  to   space 21504K, 0% used [0x00000000eda80000,0x00000000eda80000,0x00000000eef80000)
 ParOldGen       total 107008K, used 42138K [0x0000000081800000, 0x0000000088080000, 0x00000000d5d80000)
  object space 107008K, 39% used [0x0000000081800000,0x0000000084126960,0x0000000088080000)
 Metaspace       used 58074K, capacity 59000K, committed 59160K, reserved 1101824K
  class space    used 7402K, capacity 7676K, committed 7720K, reserved 1048576K
Event: 225.044 GC heap after
Heap after GC invocations=15 (full 2):
 PSYoungGen      total 411648K, used 13509K [0x00000000d5d80000, 0x00000000f5780000, 0x0000000100000000)
  eden space 390144K, 0% used [0x00000000d5d80000,0x00000000d5d80000,0x00000000eda80000)
  from space 21504K, 62% used [0x00000000eda80000,0x00000000ee7b15e0,0x00000000eef80000)
  to   space 21504K, 0% used [0x00000000f4280000,0x00000000f4280000,0x00000000f5780000)
 ParOldGen       total 107008K, used 42146K [0x0000000081800000, 0x0000000088080000, 0x00000000d5d80000)
  object space 107008K, 39% used [0x0000000081800000,0x0000000084128960,0x0000000088080000)
 Metaspace       used 58074K, capacity 59000K, committed 59160K, reserved 1101824K
  class space    used 7402K, capacity 7676K, committed 7720K, reserved 1048576K
}
Event: 225.044 GC heap before
{Heap before GC invocations=16 (full 3):
 PSYoungGen      total 411648K, used 13509K [0x00000000d5d80000, 0x00000000f5780000, 0x0000000100000000)
  eden space 390144K, 0% used [0x00000000d5d80000,0x00000000d5d80000,0x00000000eda80000)
  from space 21504K, 62% used [0x00000000eda80000,0x00000000ee7b15e0,0x00000000eef80000)
  to   space 21504K, 0% used [0x00000000f4280000,0x00000000f4280000,0x00000000f5780000)
 ParOldGen       total 107008K, used 42146K [0x0000000081800000, 0x0000000088080000, 0x00000000d5d80000)
  object space 107008K, 39% used [0x0000000081800000,0x0000000084128960,0x0000000088080000)
 Metaspace       used 58074K, capacity 59000K, committed 59160K, reserved 1101824K
  class space    used 7402K, capacity 7676K, committed 7720K, reserved 1048576K
Event: 225.391 GC heap after
Heap after GC invocations=16 (full 3):
 PSYoungGen      total 411648K, used 0K [0x00000000d5d80000, 0x00000000f5780000, 0x0000000100000000)
  eden space 390144K, 0% used [0x00000000d5d80000,0x00000000d5d80000,0x00000000eda80000)
  from space 21504K, 0% used [0x00000000eda80000,0x00000000eda80000,0x00000000eef80000)
  to   space 21504K, 0% used [0x00000000f4280000,0x00000000f4280000,0x00000000f5780000)
 ParOldGen       total 144896K, used 42644K [0x0000000081800000, 0x000000008a580000, 0x00000000d5d80000)
  object space 144896K, 29% used [0x0000000081800000,0x00000000841a52e8,0x000000008a580000)
 Metaspace       used 58074K, capacity 59000K, committed 59160K, reserved 1101824K
  class space    used 7402K, capacity 7676K, committed 7720K, reserved 1048576K
}

